<?xml version="1.0" encoding="UTF-8"?>
<testsuites name="jest tests" tests="8" failures="0" errors="0" time="0.923">
  <testsuite name="效能測試" errors="0" failures="0" skipped="0" timestamp="2025-09-02T06:03:25" time="0.776" tests="8">
    <testcase classname="效能測試 › 基本效能測試" name="應該在合理時間內完成基本操作" time="0.017">
    </testcase>
    <testcase classname="效能測試 › 基本效能測試" name="應該支援並行操作" time="0.034">
    </testcase>
    <testcase classname="效能測試 › 基本效能測試" name="記憶體使用應該在合理範圍內" time="0.001">
    </testcase>
    <testcase classname="效能測試 › API 效能測試" name="API 端點應該在合理時間內回應" time="0.018">
    </testcase>
    <testcase classname="效能測試 › API 效能測試" name="批量請求應該高效處理" time="0.013">
    </testcase>
    <testcase classname="效能測試 › 資料處理效能測試" name="大量資料處理應該高效" time="0.006">
    </testcase>
    <testcase classname="效能測試 › 資料處理效能測試" name="搜尋演算法應該高效" time="0.001">
    </testcase>
    <testcase classname="效能測試 › 快取效能測試" name="快取應該顯著提升效能" time="0.041">
    </testcase>
  </testsuite>
</testsuites>