<?xml version="1.0" encoding="UTF-8"?>
<testsuites name="jest tests" tests="167" failures="0" errors="0" time="3.32">
  <testsuite name="股票類型定義" errors="0" failures="0" skipped="0" timestamp="2025-09-02T06:07:25" time="1.877" tests="20">
    <testcase classname="股票類型定義 › Stock 類型" name="應該驗證有效的股票數據" time="0.022">
    </testcase>
    <testcase classname="股票類型定義 › Stock 類型" name="應該檢測無效的股票數據" time="0.004">
    </testcase>
    <testcase classname="股票類型定義 › Stock 類型" name="應該轉換原始數據為 Stock 類型" time="0.002">
    </testcase>
    <testcase classname="股票類型定義 › ConceptStock 類型" name="應該驗證有效的概念股票數據" time="0.001">
    </testcase>
    <testcase classname="股票類型定義 › ConceptStock 類型" name="應該檢測無效的概念股票數據" time="0">
    </testcase>
    <testcase classname="股票類型定義 › ConceptStock 類型" name="應該轉換原始數據為 ConceptStock 類型" time="0.001">
    </testcase>
    <testcase classname="股票類型定義 › StockDetail 類型" name="應該驗證有效的股票詳細數據" time="0.001">
    </testcase>
    <testcase classname="股票類型定義 › StockDetail 類型" name="應該檢測無效的股票詳細數據" time="0">
    </testcase>
    <testcase classname="股票類型定義 › StockDetail 類型" name="應該轉換原始數據為 StockDetail 類型" time="0.001">
    </testcase>
    <testcase classname="股票類型定義 › Concept 類型" name="應該驗證有效的概念數據" time="0.001">
    </testcase>
    <testcase classname="股票類型定義 › Concept 類型" name="應該檢測無效的概念數據" time="0.001">
    </testcase>
    <testcase classname="股票類型定義 › Concept 類型" name="應該轉換原始數據為 Concept 類型" time="0.001">
    </testcase>
    <testcase classname="股票類型定義 › SearchResult 類型" name="應該驗證有效的搜尋結果數據" time="0">
    </testcase>
    <testcase classname="股票類型定義 › SearchResult 類型" name="應該檢測無效的搜尋結果數據" time="0.001">
    </testcase>
    <testcase classname="股票類型定義 › SearchResult 類型" name="應該轉換原始數據為 SearchResult 類型" time="0">
    </testcase>
    <testcase classname="股票類型定義 › 邊界情況" name="應該處理空數據" time="0.001">
    </testcase>
    <testcase classname="股票類型定義 › 邊界情況" name="應該處理極端數值" time="0">
    </testcase>
    <testcase classname="股票類型定義 › 邊界情況" name="應該處理特殊字符" time="0">
    </testcase>
    <testcase classname="股票類型定義 › 類型轉換邊界情況" name="應該處理 null 和 undefined 值" time="0.001">
    </testcase>
    <testcase classname="股票類型定義 › 類型轉換邊界情況" name="應該處理空字串和零值" time="0">
    </testcase>
  </testsuite>
  <testsuite name="StockList 邏輯" errors="0" failures="0" skipped="0" timestamp="2025-09-02T06:07:25" time="1.771" tests="27">
    <testcase classname="StockList 邏輯 › 股票過濾" name="應該按行業過濾股票" time="0.022">
    </testcase>
    <testcase classname="StockList 邏輯 › 股票過濾" name="應該按價格範圍過濾股票" time="0.001">
    </testcase>
    <testcase classname="StockList 邏輯 › 股票過濾" name="應該只顯示收藏的股票" time="0">
    </testcase>
    <testcase classname="StockList 邏輯 › 股票過濾" name="應該只顯示異常股票" time="0.004">
    </testcase>
    <testcase classname="StockList 邏輯 › 股票過濾" name="應該按情感過濾股票" time="0.001">
    </testcase>
    <testcase classname="StockList 邏輯 › 股票過濾" name="應該按搜尋詞過濾股票" time="0.001">
    </testcase>
    <testcase classname="StockList 邏輯 › 股票過濾" name="應該組合多個過濾條件" time="0.001">
    </testcase>
    <testcase classname="StockList 邏輯 › 股票分頁" name="應該正確分頁股票" time="0">
    </testcase>
    <testcase classname="StockList 邏輯 › 股票分頁" name="應該計算正確的總頁數" time="0.001">
    </testcase>
    <testcase classname="StockList 邏輯 › 股票分頁" name="應該處理空數據集" time="0">
    </testcase>
    <testcase classname="StockList 邏輯 › 股票分頁" name="應該處理超出範圍的頁數" time="0">
    </testcase>
    <testcase classname="StockList 邏輯 › 股票驗證" name="應該驗證有效的股票數據" time="0.001">
    </testcase>
    <testcase classname="StockList 邏輯 › 股票驗證" name="應該檢測無效的股票代碼" time="0">
    </testcase>
    <testcase classname="StockList 邏輯 › 股票驗證" name="應該檢測無效的股票名稱" time="0.001">
    </testcase>
    <testcase classname="StockList 邏輯 › 股票驗證" name="應該檢測無效的股票價格" time="0">
    </testcase>
    <testcase classname="StockList 邏輯 › 股票驗證" name="應該檢測無效的漲跌數據" time="0.001">
    </testcase>
    <testcase classname="StockList 邏輯 › 股票排序" name="應該按價格升序排序" time="0.001">
    </testcase>
    <testcase classname="StockList 邏輯 › 股票排序" name="應該按價格降序排序" time="0">
    </testcase>
    <testcase classname="StockList 邏輯 › 股票排序" name="應該按漲跌幅排序（絕對值）" time="0">
    </testcase>
    <testcase classname="StockList 邏輯 › 股票排序" name="應該按股票代碼排序" time="0">
    </testcase>
    <testcase classname="StockList 邏輯 › 統計計算" name="應該計算正確的統計信息" time="0">
    </testcase>
    <testcase classname="StockList 邏輯 › 統計計算" name="應該處理空數據集" time="0">
    </testcase>
    <testcase classname="StockList 邏輯 › 統計計算" name="應該正確計算平均價格" time="0">
    </testcase>
    <testcase classname="StockList 邏輯 › 統計計算" name="應該正確計算漲跌統計" time="0.001">
    </testcase>
    <testcase classname="StockList 邏輯 › 邊界情況" name="應該處理單一股票的情況" time="0">
    </testcase>
    <testcase classname="StockList 邏輯 › 邊界情況" name="應該處理極端價格值" time="0.001">
    </testcase>
    <testcase classname="StockList 邏輯 › 邊界情況" name="應該處理特殊字符的股票名稱" time="0">
    </testcase>
  </testsuite>
  <testsuite name="Gemini AI 服務" errors="0" failures="0" skipped="0" timestamp="2025-09-02T06:07:25" time="1.928" tests="23">
    <testcase classname="Gemini AI 服務 › 概念分析" name="應該成功分析投資概念" time="0.03">
    </testcase>
    <testcase classname="Gemini AI 服務 › 概念分析" name="應該處理概念分析失敗" time="0.018">
    </testcase>
    <testcase classname="Gemini AI 服務 › 概念分析" name="應該驗證概念分析結果的完整性" time="0.002">
    </testcase>
    <testcase classname="Gemini AI 服務 › 股票搜尋" name="應該根據概念成功搜尋股票" time="0">
    </testcase>
    <testcase classname="Gemini AI 服務 › 股票搜尋" name="應該處理空搜尋結果" time="0.001">
    </testcase>
    <testcase classname="Gemini AI 服務 › 股票搜尋" name="應該驗證股票數據格式" time="0.002">
    </testcase>
    <testcase classname="Gemini AI 服務 › 股票主題分析" name="應該成功分析股票的主題歸屬" time="0.002">
    </testcase>
    <testcase classname="Gemini AI 服務 › 股票主題分析" name="應該按相關性排序主題" time="0.001">
    </testcase>
    <testcase classname="Gemini AI 服務 › 股票主題分析" name="應該處理股票主題分析失敗" time="0.001">
    </testcase>
    <testcase classname="Gemini AI 服務 › 股票分析生成" name="應該成功生成綜合股票分析" time="0.001">
    </testcase>
    <testcase classname="Gemini AI 服務 › 股票分析生成" name="應該驗證分析結果的完整性" time="0.001">
    </testcase>
    <testcase classname="Gemini AI 服務 › 股票分析生成" name="應該處理分析生成失敗" time="0">
    </testcase>
    <testcase classname="Gemini AI 服務 › 向量嵌入" name="應該成功創建文本嵌入" time="0">
    </testcase>
    <testcase classname="Gemini AI 服務 › 向量嵌入" name="應該驗證嵌入向量的格式" time="0.001">
    </testcase>
    <testcase classname="Gemini AI 服務 › 向量嵌入" name="應該處理嵌入創建失敗" time="0">
    </testcase>
    <testcase classname="Gemini AI 服務 › API 金鑰驗證" name="應該成功驗證有效的 API 金鑰" time="0">
    </testcase>
    <testcase classname="Gemini AI 服務 › API 金鑰驗證" name="應該處理無效的 API 金鑰" time="0.001">
    </testcase>
    <testcase classname="Gemini AI 服務 › API 金鑰驗證" name="應該處理驗證失敗" time="0">
    </testcase>
    <testcase classname="Gemini AI 服務 › 錯誤處理" name="應該處理網路錯誤" time="0">
    </testcase>
    <testcase classname="Gemini AI 服務 › 錯誤處理" name="應該處理 API 限制錯誤" time="0.001">
    </testcase>
    <testcase classname="Gemini AI 服務 › 錯誤處理" name="應該處理模型錯誤" time="0">
    </testcase>
    <testcase classname="Gemini AI 服務 › 效能優化" name="應該並行處理多個分析請求" time="0.001">
    </testcase>
    <testcase classname="Gemini AI 服務 › 效能優化" name="應該快取重複的請求結果" time="0">
    </testcase>
  </testsuite>
  <testsuite name="RAG 載入器服務" errors="0" failures="0" skipped="0" timestamp="2025-09-02T06:07:25" time="1.917" tests="27">
    <testcase classname="RAG 載入器服務 › RAG 數據載入" name="應該成功載入 RAG 數據" time="0.021">
    </testcase>
    <testcase classname="RAG 載入器服務 › RAG 數據載入" name="應該處理載入失敗" time="0.016">
    </testcase>
    <testcase classname="RAG 載入器服務 › RAG 數據載入" name="應該驗證載入的數據" time="0.001">
    </testcase>
    <testcase classname="RAG 載入器服務 › RAG 數據載入" name="應該處理空數據載入" time="0">
    </testcase>
    <testcase classname="RAG 載入器服務 › RAG 狀態查詢" name="應該返回正確的 RAG 狀態" time="0">
    </testcase>
    <testcase classname="RAG 載入器服務 › RAG 狀態查詢" name="應該處理狀態查詢失敗" time="0.001">
    </testcase>
    <testcase classname="RAG 載入器服務 › RAG 狀態查詢" name="應該驗證狀態數據完整性" time="0.001">
    </testcase>
    <testcase classname="RAG 載入器服務 › RAG 數據搜尋" name="應該成功搜尋 RAG 數據" time="0.001">
    </testcase>
    <testcase classname="RAG 載入器服務 › RAG 數據搜尋" name="應該處理搜尋失敗" time="0.001">
    </testcase>
    <testcase classname="RAG 載入器服務 › RAG 數據搜尋" name="應該處理空搜尋結果" time="0">
    </testcase>
    <testcase classname="RAG 載入器服務 › RAG 數據搜尋" name="應該支援搜尋參數" time="0.001">
    </testcase>
    <testcase classname="RAG 載入器服務 › 快取管理" name="應該成功清空快取" time="0">
    </testcase>
    <testcase classname="RAG 載入器服務 › 快取管理" name="應該處理快取清空失敗" time="0.001">
    </testcase>
    <testcase classname="RAG 載入器服務 › 快取管理" name="應該檢查快取狀態" time="0">
    </testcase>
    <testcase classname="RAG 載入器服務 › 快取管理" name="應該從快取獲取數據" time="0.001">
    </testcase>
    <testcase classname="RAG 載入器服務 › 數據驗證" name="應該驗證 RAG 數據格式" time="0">
    </testcase>
    <testcase classname="RAG 載入器服務 › 數據驗證" name="應該檢測無效數據" time="0.001">
    </testcase>
    <testcase classname="RAG 載入器服務 › 數據驗證" name="應該驗證必要字段" time="0">
    </testcase>
    <testcase classname="RAG 載入器服務 › 環境檢測" name="應該正確檢測開發環境" time="0.001">
    </testcase>
    <testcase classname="RAG 載入器服務 › 環境檢測" name="應該正確檢測生產環境" time="0">
    </testcase>
    <testcase classname="RAG 載入器服務 › 環境檢測" name="應該根據環境調整行為" time="0">
    </testcase>
    <testcase classname="RAG 載入器服務 › 錯誤處理" name="應該處理網路錯誤" time="0">
    </testcase>
    <testcase classname="RAG 載入器服務 › 錯誤處理" name="應該處理數據格式錯誤" time="0">
    </testcase>
    <testcase classname="RAG 載入器服務 › 錯誤處理" name="應該處理快取錯誤" time="0.004">
    </testcase>
    <testcase classname="RAG 載入器服務 › 效能優化" name="應該在合理時間內完成載入" time="0.001">
    </testcase>
    <testcase classname="RAG 載入器服務 › 效能優化" name="應該支援並行操作" time="0">
    </testcase>
    <testcase classname="RAG 載入器服務 › 效能優化" name="應該快取常用查詢結果" time="0">
    </testcase>
  </testsuite>
  <testsuite name="向量搜尋服務" errors="0" failures="0" skipped="0" timestamp="2025-09-02T06:07:25" time="1.908" tests="24">
    <testcase classname="向量搜尋服務 › 向量搜尋" name="應該成功搜尋相似向量" time="0.023">
    </testcase>
    <testcase classname="向量搜尋服務 › 向量搜尋" name="應該按相似度分數排序結果" time="0.001">
    </testcase>
    <testcase classname="向量搜尋服務 › 向量搜尋" name="應該處理空搜尋結果" time="0">
    </testcase>
    <testcase classname="向量搜尋服務 › 向量搜尋" name="應該處理搜尋失敗" time="0.015">
    </testcase>
    <testcase classname="向量搜尋服務 › 向量搜尋" name="應該支援分頁和限制參數" time="0.001">
    </testcase>
    <testcase classname="向量搜尋服務 › 向量管理" name="應該成功添加新向量" time="0.001">
    </testcase>
    <testcase classname="向量搜尋服務 › 向量管理" name="應該成功更新現有向量" time="0">
    </testcase>
    <testcase classname="向量搜尋服務 › 向量管理" name="應該成功刪除向量" time="0">
    </testcase>
    <testcase classname="向量搜尋服務 › 向量管理" name="應該處理向量操作失敗" time="0.002">
    </testcase>
    <testcase classname="向量搜尋服務 › 相似度計算" name="應該正確計算向量相似度" time="0">
    </testcase>
    <testcase classname="向量搜尋服務 › 相似度計算" name="應該處理不同維度的向量" time="0.005">
    </testcase>
    <testcase classname="向量搜尋服務 › 相似度計算" name="應該驗證相似度分數範圍" time="0">
    </testcase>
    <testcase classname="向量搜尋服務 › 批量操作" name="應該成功批量更新向量" time="0.001">
    </testcase>
    <testcase classname="向量搜尋服務 › 批量操作" name="應該處理批量操作中的部分失敗" time="0.001">
    </testcase>
    <testcase classname="向量搜尋服務 › 批量操作" name="應該處理批量操作完全失敗" time="0">
    </testcase>
    <testcase classname="向量搜尋服務 › 索引管理" name="應該返回正確的索引統計信息" time="0.001">
    </testcase>
    <testcase classname="向量搜尋服務 › 索引管理" name="應該成功優化索引" time="0.001">
    </testcase>
    <testcase classname="向量搜尋服務 › 索引管理" name="應該處理索引操作失敗" time="0.001">
    </testcase>
    <testcase classname="向量搜尋服務 › 錯誤處理" name="應該處理無效的向量格式" time="0.001">
    </testcase>
    <testcase classname="向量搜尋服務 › 錯誤處理" name="應該處理索引不可用的情況" time="0.001">
    </testcase>
    <testcase classname="向量搜尋服務 › 錯誤處理" name="應該處理記憶體不足的情況" time="0">
    </testcase>
    <testcase classname="向量搜尋服務 › 效能優化" name="應該支援並行搜尋" time="0.001">
    </testcase>
    <testcase classname="向量搜尋服務 › 效能優化" name="應該快取常用查詢結果" time="0">
    </testcase>
    <testcase classname="向量搜尋服務 › 效能優化" name="應該在合理時間內完成搜尋" time="0">
    </testcase>
  </testsuite>
  <testsuite name="SearchBar 邏輯" errors="0" failures="0" skipped="0" timestamp="2025-09-02T06:07:25" time="1.961" tests="39">
    <testcase classname="SearchBar 邏輯 › 搜尋建議" name="應該返回所有建議當查詢為空" time="0.022">
    </testcase>
    <testcase classname="SearchBar 邏輯 › 搜尋建議" name="應該按分數排序建議" time="0.001">
    </testcase>
    <testcase classname="SearchBar 邏輯 › 搜尋建議" name="應該過濾相關建議" time="0.001">
    </testcase>
    <testcase classname="SearchBar 邏輯 › 搜尋建議" name="應該限制建議數量" time="0">
    </testcase>
    <testcase classname="SearchBar 邏輯 › 搜尋建議" name="應該處理無匹配的查詢" time="0.001">
    </testcase>
    <testcase classname="SearchBar 邏輯 › 搜尋歷史" name="應該按時間排序歷史記錄" time="0">
    </testcase>
    <testcase classname="SearchBar 邏輯 › 搜尋歷史" name="應該限制歷史記錄數量" time="0">
    </testcase>
    <testcase classname="SearchBar 邏輯 › 搜尋歷史" name="應該處理空歷史記錄" time="0">
    </testcase>
    <testcase classname="SearchBar 邏輯 › 搜尋歷史" name="應該包含完整的歷史信息" time="0.001">
    </testcase>
    <testcase classname="SearchBar 邏輯 › 查詢驗證" name="應該驗證有效查詢" time="0">
    </testcase>
    <testcase classname="SearchBar 邏輯 › 查詢驗證" name="應該檢測空查詢" time="0">
    </testcase>
    <testcase classname="SearchBar 邏輯 › 查詢驗證" name="應該檢測 null 查詢" time="0">
    </testcase>
    <testcase classname="SearchBar 邏輯 › 查詢驗證" name="應該檢測過短查詢" time="0">
    </testcase>
    <testcase classname="SearchBar 邏輯 › 查詢驗證" name="應該檢測過長查詢" time="0">
    </testcase>
    <testcase classname="SearchBar 邏輯 › 查詢驗證" name="應該檢測危險字符" time="0.001">
    </testcase>
    <testcase classname="SearchBar 邏輯 › 查詢驗證" name="應該處理邊界情況" time="0">
    </testcase>
    <testcase classname="SearchBar 邏輯 › 搜尋處理" name="應該成功處理有效查詢" time="0.004">
    </testcase>
    <testcase classname="SearchBar 邏輯 › 搜尋處理" name="應該處理無效查詢" time="0.001">
    </testcase>
    <testcase classname="SearchBar 邏輯 › 搜尋處理" name="應該包含默認選項" time="0.001">
    </testcase>
    <testcase classname="SearchBar 邏輯 › 搜尋處理" name="應該記錄時間戳" time="0">
    </testcase>
    <testcase classname="SearchBar 邏輯 › 查詢格式化" name="應該正確格式化查詢" time="0">
    </testcase>
    <testcase classname="SearchBar 邏輯 › 查詢格式化" name="應該移除特殊字符" time="0.001">
    </testcase>
    <testcase classname="SearchBar 邏輯 › 查詢格式化" name="應該處理多個空格" time="0">
    </testcase>
    <testcase classname="SearchBar 邏輯 › 查詢格式化" name="應該處理空查詢" time="0">
    </testcase>
    <testcase classname="SearchBar 邏輯 › 查詢格式化" name="應該處理 null 查詢" time="0">
    </testcase>
    <testcase classname="SearchBar 邏輯 › 查詢檢查" name="應該檢測空查詢" time="0">
    </testcase>
    <testcase classname="SearchBar 邏輯 › 查詢檢查" name="應該計算查詢長度" time="0.001">
    </testcase>
    <testcase classname="SearchBar 邏輯 › 查詢檢查" name="應該檢測特殊字符" time="0">
    </testcase>
    <testcase classname="SearchBar 邏輯 › 查詢檢查" name="應該檢測重複查詢" time="0.001">
    </testcase>
    <testcase classname="SearchBar 邏輯 › 查詢檢查" name="應該處理空歷史記錄" time="0">
    </testcase>
    <testcase classname="SearchBar 邏輯 › 相關查詢建議" name="應該建議相關查詢" time="0.001">
    </testcase>
    <testcase classname="SearchBar 邏輯 › 相關查詢建議" name="應該按分數排序建議" time="0">
    </testcase>
    <testcase classname="SearchBar 邏輯 › 相關查詢建議" name="應該限制建議數量" time="0">
    </testcase>
    <testcase classname="SearchBar 邏輯 › 相關查詢建議" name="應該處理無匹配查詢" time="0">
    </testcase>
    <testcase classname="SearchBar 邏輯 › 相關查詢建議" name="應該處理空查詢" time="0.001">
    </testcase>
    <testcase classname="SearchBar 邏輯 › 邊界情況" name="應該處理極端長度的查詢" time="0">
    </testcase>
    <testcase classname="SearchBar 邏輯 › 邊界情況" name="應該處理包含各種字符的查詢" time="0">
    </testcase>
    <testcase classname="SearchBar 邏輯 › 邊界情況" name="應該處理中英文混合查詢" time="0">
    </testcase>
    <testcase classname="SearchBar 邏輯 › 邊界情況" name="應該處理數字查詢" time="0.001">
    </testcase>
  </testsuite>
  <testsuite name="工具函數測試" errors="0" failures="0" skipped="0" timestamp="2025-09-02T06:07:25" time="2.12" tests="7">
    <testcase classname="工具函數測試 › API 工具函數" name="mockApiResponse 應該返回正確的格式" time="0.024">
    </testcase>
    <testcase classname="工具函數測試 › API 工具函數" name="mockApiResponse 應該支援自定義狀態碼" time="0.001">
    </testcase>
    <testcase classname="工具函數測試 › API 工具函數" name="mockApiError 應該返回錯誤格式" time="0">
    </testcase>
    <testcase classname="工具函數測試 › API 工具函數" name="mockApiError 應該支援自定義狀態碼" time="0.001">
    </testcase>
    <testcase classname="工具函數測試 › 工具函數" name="wait 函數應該正確延遲" time="0.109">
    </testcase>
    <testcase classname="工具函數測試 › 工具函數" name="cleanup 函數應該清理測試環境" time="0.001">
    </testcase>
    <testcase classname="工具函數測試 › 環境變數" name="測試環境變數應該正確設置" time="0.001">
    </testcase>
  </testsuite>
</testsuites>